[debug] [2020-10-02T05:38:46.465Z] ----------------------------------------------------------------------
[debug] [2020-10-02T05:38:46.469Z] Command:       C:\Program Files\nodejs\node.exe C:\Users\Guilherme\AppData\Roaming\npm\node_modules\firebase-tools\lib\bin\firebase.js deploy --debug
[debug] [2020-10-02T05:38:46.469Z] CLI Version:   8.11.2
[debug] [2020-10-02T05:38:46.469Z] Platform:      win32
[debug] [2020-10-02T05:38:46.469Z] Node Version:  v12.18.4
[debug] [2020-10-02T05:38:46.469Z] Time:          Fri Oct 02 2020 02:38:46 GMT-0300 (GMT-03:00)
[debug] [2020-10-02T05:38:46.469Z] ----------------------------------------------------------------------
[debug] [2020-10-02T05:38:46.469Z] 
[debug] [2020-10-02T05:38:46.478Z] > command requires scopes: ["email","openid","https://www.googleapis.com/auth/cloudplatformprojects.readonly","https://www.googleapis.com/auth/firebase","https://www.googleapis.com/auth/cloud-platform"]
[debug] [2020-10-02T05:38:46.480Z] > authorizing via signed-in user
[debug] [2020-10-02T05:38:46.481Z] [iam] checking project copianetflixbe for permissions ["firebase.projects.get","firebasehosting.sites.update"]
[debug] [2020-10-02T05:38:46.495Z] >>> HTTP REQUEST POST https://cloudresourcemanager.googleapis.com/v1/projects/copianetflixbe:testIamPermissions  
 {"permissions":["firebase.projects.get","firebasehosting.sites.update"]}
[debug] [2020-10-02T05:38:58.442Z] <<< HTTP RESPONSE 200 {"content-type":"application/json; charset=UTF-8","vary":"X-Origin, Referer, Origin,Accept-Encoding","date":"Fri, 02 Oct 2020 05:38:58 GMT","server":"ESF","cache-control":"private","x-xss-protection":"0","x-frame-options":"SAMEORIGIN","x-content-type-options":"nosniff","server-timing":"gfet4t7; dur=773","alt-svc":"h3-Q050=\":443\"; ma=2592000,h3-29=\":443\"; ma=2592000,h3-27=\":443\"; ma=2592000,h3-T051=\":443\"; ma=2592000,h3-T050=\":443\"; ma=2592000,h3-Q046=\":443\"; ma=2592000,h3-Q043=\":443\"; ma=2592000,quic=\":443\"; ma=2592000; v=\"46,43\"","accept-ranges":"none","transfer-encoding":"chunked"}
[debug] [2020-10-02T05:38:58.445Z] >>> HTTP REQUEST GET https://firebase.googleapis.com/v1beta1/projects/copianetflixbe  
 
[debug] [2020-10-02T05:38:59.562Z] <<< HTTP RESPONSE 200 {"content-type":"application/json; charset=UTF-8","vary":"X-Origin, Referer, Origin,Accept-Encoding","date":"Fri, 02 Oct 2020 05:38:59 GMT","server":"ESF","cache-control":"private","x-xss-protection":"0","x-frame-options":"SAMEORIGIN","x-content-type-options":"nosniff","alt-svc":"h3-Q050=\":443\"; ma=2592000,h3-29=\":443\"; ma=2592000,h3-27=\":443\"; ma=2592000,h3-T051=\":443\"; ma=2592000,h3-T050=\":443\"; ma=2592000,h3-Q046=\":443\"; ma=2592000,h3-Q043=\":443\"; ma=2592000,quic=\":443\"; ma=2592000; v=\"46,43\"","accept-ranges":"none","transfer-encoding":"chunked"}
[info] 
[info] === Deploying to 'copianetflixbe'...
[info] 
[info] i  deploying hosting 
[debug] [2020-10-02T05:38:59.567Z] >>> HTTP REQUEST POST https://firebasehosting.googleapis.com/v1beta1/sites/copianetflixbe/versions  
 {"config":{"rewrites":[{"glob":"**","path":"/index.html"}]},"labels":{"deployment-tool":"cli-firebase"}}
[debug] [2020-10-02T05:39:00.906Z] <<< HTTP RESPONSE 200 {"content-type":"application/json; charset=UTF-8","vary":"X-Origin, Referer, Origin,Accept-Encoding","date":"Fri, 02 Oct 2020 05:39:01 GMT","server":"ESF","cache-control":"private","x-xss-protection":"0","x-frame-options":"SAMEORIGIN","x-content-type-options":"nosniff","alt-svc":"h3-Q050=\":443\"; ma=2592000,h3-29=\":443\"; ma=2592000,h3-27=\":443\"; ma=2592000,h3-T051=\":443\"; ma=2592000,h3-T050=\":443\"; ma=2592000,h3-Q046=\":443\"; ma=2592000,h3-Q043=\":443\"; ma=2592000,quic=\":443\"; ma=2592000; v=\"46,43\"","accept-ranges":"none","transfer-encoding":"chunked"}
[info] i  hosting[copianetflixbe]: beginning deploy... 
[info] i  hosting[copianetflixbe]: found 9 files in dist 
[debug] [2020-10-02T05:39:00.928Z] [hosting] hash cache [ZGlzdA] stored for 9 files
[debug] [2020-10-02T05:39:00.929Z] [hosting][hash queue][FINAL] {"max":2,"min":0,"avg":0,"active":0,"complete":9,"success":9,"errored":0,"retried":0,"total":9,"elapsed":4}
[debug] [2020-10-02T05:39:00.929Z] >>> HTTP REQUEST POST https://firebasehosting.googleapis.com/v1beta1/sites/copianetflixbe/versions/726e3a83c72e7150:populateFiles  
 <request body omitted>
[debug] [2020-10-02T05:39:02.014Z] <<< HTTP RESPONSE 200 {"content-type":"application/json; charset=UTF-8","vary":"X-Origin, Referer, Origin,Accept-Encoding","date":"Fri, 02 Oct 2020 05:39:02 GMT","server":"ESF","cache-control":"private","x-xss-protection":"0","x-frame-options":"SAMEORIGIN","x-content-type-options":"nosniff","alt-svc":"h3-Q050=\":443\"; ma=2592000,h3-29=\":443\"; ma=2592000,h3-27=\":443\"; ma=2592000,h3-T051=\":443\"; ma=2592000,h3-T050=\":443\"; ma=2592000,h3-Q046=\":443\"; ma=2592000,h3-Q043=\":443\"; ma=2592000,quic=\":443\"; ma=2592000; v=\"46,43\"","accept-ranges":"none","transfer-encoding":"chunked"}
[debug] [2020-10-02T05:39:02.016Z] [hosting][populate queue][FINAL] {"max":1088,"min":1088,"avg":1088,"active":0,"complete":1,"success":1,"errored":0,"retried":0,"total":1,"elapsed":1089}
[debug] [2020-10-02T05:39:02.025Z] [hosting] uploads queued: 0
[debug] [2020-10-02T05:39:02.025Z] [hosting][upload queue][FINAL] {"max":0,"min":9999999999,"avg":0,"active":0,"complete":0,"success":0,"errored":0,"retried":0,"total":0,"elapsed":1601617142025}
[info] +  hosting[copianetflixbe]: file upload complete 
[debug] [2020-10-02T05:39:02.027Z] [hosting] deploy completed after 1111ms
[debug] [2020-10-02T05:39:02.028Z] [
  {
    "config": {
      "public": "dist",
      "ignore": [
        "firebase.json",
        "**/.*",
        "**/node_modules/**"
      ],
      "rewrites": [
        {
          "source": "**",
          "destination": "/index.html"
        }
      ],
      "site": "copianetflixbe"
    },
    "site": "copianetflixbe",
    "version": "sites/copianetflixbe/versions/726e3a83c72e7150"
  }
]
[info] i  hosting[copianetflixbe]: finalizing version... 
[debug] [2020-10-02T05:39:02.032Z] >>> HTTP REQUEST PATCH https://firebasehosting.googleapis.com/v1beta1/sites/copianetflixbe/versions/726e3a83c72e7150?updateMask=status  
 {"status":"FINALIZED"}
[debug] [2020-10-02T05:39:03.122Z] <<< HTTP RESPONSE 200 {"content-type":"application/json; charset=UTF-8","vary":"X-Origin, Referer, Origin,Accept-Encoding","date":"Fri, 02 Oct 2020 05:39:03 GMT","server":"ESF","cache-control":"private","x-xss-protection":"0","x-frame-options":"SAMEORIGIN","x-content-type-options":"nosniff","alt-svc":"h3-Q050=\":443\"; ma=2592000,h3-29=\":443\"; ma=2592000,h3-27=\":443\"; ma=2592000,h3-T051=\":443\"; ma=2592000,h3-T050=\":443\"; ma=2592000,h3-Q046=\":443\"; ma=2592000,h3-Q043=\":443\"; ma=2592000,quic=\":443\"; ma=2592000; v=\"46,43\"","accept-ranges":"none","transfer-encoding":"chunked"}
[debug] [2020-10-02T05:39:03.123Z] [hosting] finalized version for copianetflixbe: {"name":"sites/copianetflixbe/versions/726e3a83c72e7150","status":"FINALIZED","config":{"rewrites":[{"glob":"**","path":"/index.html"}]},"labels":{"deployment-tool":"cli-firebase"},"createTime":"2020-10-02T05:39:00.776964Z","createUser":{"email":"glenhari@gmail.com"},"finalizeTime":"2020-10-02T05:39:03.348492Z","finalizeUser":{"email":"glenhari@gmail.com"}}
[info] +  hosting[copianetflixbe]: version finalized 
[info] i  hosting[copianetflixbe]: releasing new version... 
[debug] [2020-10-02T05:39:03.133Z] >>> HTTP REQUEST POST https://firebasehosting.googleapis.com/v1beta1/sites/copianetflixbe/releases?version_name=sites/copianetflixbe/versions/726e3a83c72e7150  
 {"message":null}
[debug] [2020-10-02T05:39:04.164Z] <<< HTTP RESPONSE 200 {"content-type":"application/json; charset=UTF-8","vary":"X-Origin, Referer, Origin,Accept-Encoding","date":"Fri, 02 Oct 2020 05:39:04 GMT","server":"ESF","cache-control":"private","x-xss-protection":"0","x-frame-options":"SAMEORIGIN","x-content-type-options":"nosniff","alt-svc":"h3-Q050=\":443\"; ma=2592000,h3-29=\":443\"; ma=2592000,h3-27=\":443\"; ma=2592000,h3-T051=\":443\"; ma=2592000,h3-T050=\":443\"; ma=2592000,h3-Q046=\":443\"; ma=2592000,h3-Q043=\":443\"; ma=2592000,quic=\":443\"; ma=2592000; v=\"46,43\"","accept-ranges":"none","transfer-encoding":"chunked"}
